# JRE version: OpenJDK Runtime Environment (8.0_181-b13) (build 1.8.0_181-8u181-b13-0ubuntu0.18.04.1-b13)
# Java VM: OpenJDK 64-Bit Server VM (25.181-b13 mixed mode linux-amd64 compressed oops)
Heap:
 PSYoungGen      total 130560K, used 3504K [0x00000000d7180000, 0x00000000df680000, 0x0000000100000000)
  eden space 125952K, 0% used [0x00000000d7180000,0x00000000d7180000,0x00000000dec80000)
  from space 4608K, 76% used [0x00000000dec80000,0x00000000defec010,0x00000000df100000)
  to   space 3584K, 0% used [0x00000000df100000,0x00000000df100000,0x00000000df480000)
 ParOldGen       total 84992K, used 2737K [0x0000000085400000, 0x000000008a700000, 0x00000000d7180000)
  object space 84992K, 3% used [0x0000000085400000,0x00000000856ac450,0x000000008a700000)
 Metaspace       used 20684K, capacity 20974K, committed 21248K, reserved 1069056K
  class space    used 2467K, capacity 2557K, committed 2560K, reserved 1048576K
GC Heap History (10 events):
Event: 0,710 GC heap after
Heap after GC invocations=2 (full 0):
 PSYoungGen      total 36864K, used 2272K [0x00000000d7180000, 0x00000000db980000, 0x0000000100000000)
  eden space 31744K, 0% used [0x00000000d7180000,0x00000000d7180000,0x00000000d9080000)
  from space 5120K, 44% used [0x00000000d9580000,0x00000000d97b8000,0x00000000d9a80000)
  to   space 5120K, 0% used [0x00000000d9080000,0x00000000d9080000,0x00000000d9580000)
 ParOldGen       total 84992K, used 16K [0x0000000085400000, 0x000000008a700000, 0x00000000d7180000)
  object space 84992K, 0% used [0x0000000085400000,0x0000000085404000,0x000000008a700000)
 Metaspace       used 8195K, capacity 8428K, committed 8448K, reserved 1056768K
  class space    used 949K, capacity 1020K, committed 1024K, reserved 1048576K
}
Event: 0,816 GC heap before
{Heap before GC invocations=3 (full 0):
 PSYoungGen      total 36864K, used 34016K [0x00000000d7180000, 0x00000000db980000, 0x0000000100000000)
  eden space 31744K, 100% used [0x00000000d7180000,0x00000000d9080000,0x00000000d9080000)
  from space 5120K, 44% used [0x00000000d9580000,0x00000000d97b8000,0x00000000d9a80000)
  to   space 5120K, 0% used [0x00000000d9080000,0x00000000d9080000,0x00000000d9580000)
 ParOldGen       total 84992K, used 16K [0x0000000085400000, 0x000000008a700000, 0x00000000d7180000)
  object space 84992K, 0% used [0x0000000085400000,0x0000000085404000,0x000000008a700000)
 Metaspace       used 8828K, capacity 9004K, committed 9088K, reserved 1056768K
  class space    used 1019K, capacity 1084K, committed 1152K, reserved 1048576K
Event: 0,818 GC heap after
Heap after GC invocations=3 (full 0):
 PSYoungGen      total 36864K, used 2352K [0x00000000d7180000, 0x00000000db980000, 0x0000000100000000)
  eden space 31744K, 0% used [0x00000000d7180000,0x00000000d7180000,0x00000000d9080000)
  from space 5120K, 45% used [0x00000000d9080000,0x00000000d92cc010,0x00000000d9580000)
  to   space 5120K, 0% used [0x00000000db480000,0x00000000db480000,0x00000000db980000)
 ParOldGen       total 84992K, used 24K [0x0000000085400000, 0x000000008a700000, 0x00000000d7180000)
  object space 84992K, 0% used [0x0000000085400000,0x0000000085406000,0x000000008a700000)
 Metaspace       used 8828K, capacity 9004K, committed 9088K, reserved 1056768K
  class space    used 1019K, capacity 1084K, committed 1152K, reserved 1048576K
}
Event: 0,959 GC heap before
{Heap before GC invocations=4 (full 0):
 PSYoungGen      total 36864K, used 34096K [0x00000000d7180000, 0x00000000db980000, 0x0000000100000000)
  eden space 31744K, 100% used [0x00000000d7180000,0x00000000d9080000,0x00000000d9080000)
  from space 5120K, 45% used [0x00000000d9080000,0x00000000d92cc010,0x00000000d9580000)
  to   space 5120K, 0% used [0x00000000db480000,0x00000000db480000,0x00000000db980000)
 ParOldGen       total 84992K, used 24K [0x0000000085400000, 0x000000008a700000, 0x00000000d7180000)
  object space 84992K, 0% used [0x0000000085400000,0x0000000085406000,0x000000008a700000)
 Metaspace       used 10642K, capacity 10860K, committed 11136K, reserved 1058816K
  class space    used 1270K, capacity 1340K, committed 1408K, reserved 1048576K
Event: 0,968 GC heap after
Heap after GC invocations=4 (full 0):
 PSYoungGen      total 68608K, used 2816K [0x00000000d7180000, 0x00000000db980000, 0x0000000100000000)
  eden space 63488K, 0% used [0x00000000d7180000,0x00000000d7180000,0x00000000daf80000)
  from space 5120K, 55% used [0x00000000db480000,0x00000000db740000,0x00000000db980000)
  to   space 5120K, 0% used [0x00000000daf80000,0x00000000daf80000,0x00000000db480000)
 ParOldGen       total 84992K, used 24K [0x0000000085400000, 0x000000008a700000, 0x00000000d7180000)
  object space 84992K, 0% used [0x0000000085400000,0x0000000085406000,0x000000008a700000)
 Metaspace       used 10642K, capacity 10860K, committed 11136K, reserved 1058816K
  class space    used 1270K, capacity 1340K, committed 1408K, reserved 1048576K
}
Event: 1,234 GC heap before
{Heap before GC invocations=5 (full 0):
 PSYoungGen      total 68608K, used 66304K [0x00000000d7180000, 0x00000000db980000, 0x0000000100000000)
  eden space 63488K, 100% used [0x00000000d7180000,0x00000000daf80000,0x00000000daf80000)
  from space 5120K, 55% used [0x00000000db480000,0x00000000db740000,0x00000000db980000)
  to   space 5120K, 0% used [0x00000000daf80000,0x00000000daf80000,0x00000000db480000)
 ParOldGen       total 84992K, used 24K [0x0000000085400000, 0x000000008a700000, 0x00000000d7180000)
  object space 84992K, 0% used [0x0000000085400000,0x0000000085406000,0x000000008a700000)
 Metaspace       used 13473K, capacity 13644K, committed 13696K, reserved 1060864K
  class space    used 1587K, capacity 1628K, committed 1664K, reserved 1048576K
Event: 1,249 GC heap after
Heap after GC invocations=5 (full 0):
 PSYoungGen      total 68608K, used 3456K [0x00000000d7180000, 0x00000000df480000, 0x0000000100000000)
  eden space 63488K, 0% used [0x00000000d7180000,0x00000000d7180000,0x00000000daf80000)
  from space 5120K, 67% used [0x00000000daf80000,0x00000000db2e0020,0x00000000db480000)
  to   space 3584K, 0% used [0x00000000df100000,0x00000000df100000,0x00000000df480000)
 ParOldGen       total 84992K, used 32K [0x0000000085400000, 0x000000008a700000, 0x00000000d7180000)
  object space 84992K, 0% used [0x0000000085400000,0x0000000085408000,0x000000008a700000)
 Metaspace       used 13473K, capacity 13644K, committed 13696K, reserved 1060864K
  class space    used 1587K, capacity 1628K, committed 1664K, reserved 1048576K
}
Event: 1,636 GC heap before
{Heap before GC invocations=6 (full 0):
 PSYoungGen      total 68608K, used 66944K [0x00000000d7180000, 0x00000000df480000, 0x0000000100000000)
  eden space 63488K, 100% used [0x00000000d7180000,0x00000000daf80000,0x00000000daf80000)
  from space 5120K, 67% used [0x00000000daf80000,0x00000000db2e0020,0x00000000db480000)
  to   space 3584K, 0% used [0x00000000df100000,0x00000000df100000,0x00000000df480000)
 ParOldGen       total 84992K, used 32K [0x0000000085400000, 0x000000008a700000, 0x00000000d7180000)
  object space 84992K, 0% used [0x0000000085400000,0x0000000085408000,0x000000008a700000)
 Metaspace       used 16734K, capacity 16934K, committed 17152K, reserved 1064960K
  class space    used 1969K, capacity 2027K, committed 2048K, reserved 1048576K
Event: 1,650 GC heap after
Heap after GC invocations=6 (full 0):
 PSYoungGen      total 129536K, used 3568K [0x00000000d7180000, 0x00000000df680000, 0x0000000100000000)
  eden space 125952K, 0% used [0x00000000d7180000,0x00000000d7180000,0x00000000dec80000)
  from space 3584K, 99% used [0x00000000df100000,0x00000000df47c010,0x00000000df480000)
  to   space 4608K, 0% used [0x00000000dec80000,0x00000000dec80000,0x00000000df100000)
 ParOldGen       total 84992K, used 880K [0x0000000085400000, 0x000000008a700000, 0x00000000d7180000)
  object space 84992K, 1% used [0x0000000085400000,0x00000000854dc040,0x000000008a700000)
 Metaspace       used 16734K, capacity 16934K, committed 17152K, reserved 1064960K
  class space    used 1969K, capacity 2027K, committed 2048K, reserved 1048576K
}
Event: 2,289 GC heap before
{Heap before GC invocations=7 (full 0):
 PSYoungGen      total 129536K, used 129520K [0x00000000d7180000, 0x00000000df680000, 0x0000000100000000)
  eden space 125952K, 100% used [0x00000000d7180000,0x00000000dec80000,0x00000000dec80000)
  from space 3584K, 99% used [0x00000000df100000,0x00000000df47c010,0x00000000df480000)
  to   space 4608K, 0% used [0x00000000dec80000,0x00000000dec80000,0x00000000df100000)
 ParOldGen       total 84992K, used 880K [0x0000000085400000, 0x000000008a700000, 0x00000000d7180000)
  object space 84992K, 1% used [0x0000000085400000,0x00000000854dc040,0x000000008a700000)
 Metaspace       used 20684K, capacity 20974K, committed 21248K, reserved 1069056K
  class space    used 2467K, capacity 2557K, committed 2560K, reserved 1048576K

