# JRE version: OpenJDK Runtime Environment (8.0_181-b13) (build 1.8.0_181-8u181-b13-0ubuntu0.18.04.1-b13)
# Java VM: OpenJDK 64-Bit Server VM (25.181-b13 mixed mode linux-amd64 compressed oops)
Heap:
 PSYoungGen      total 256512K, used 2976K [0x00000000d7180000, 0x00000000e7180000, 0x0000000100000000)
  eden space 251904K, 0% used [0x00000000d7180000,0x00000000d7180000,0x00000000e6780000)
  from space 4608K, 64% used [0x00000000e6780000,0x00000000e6a68020,0x00000000e6c00000)
  to   space 3584K, 0% used [0x00000000e6c00000,0x00000000e6c00000,0x00000000e6f80000)
 ParOldGen       total 50176K, used 5946K [0x0000000085400000, 0x0000000088500000, 0x00000000d7180000)
  object space 50176K, 11% used [0x0000000085400000,0x00000000859ce990,0x0000000088500000)
 Metaspace       used 23360K, capacity 23676K, committed 23936K, reserved 1071104K
  class space    used 2808K, capacity 2894K, committed 2944K, reserved 1048576K
GC Heap History (10 events):
Event: 1,537 GC heap after
Heap after GC invocations=5 (full 0):
 PSYoungGen      total 68608K, used 2736K [0x00000000d7180000, 0x00000000df380000, 0x0000000100000000)
  eden space 63488K, 0% used [0x00000000d7180000,0x00000000d7180000,0x00000000daf80000)
  from space 5120K, 53% used [0x00000000daf80000,0x00000000db22c010,0x00000000db480000)
  to   space 3072K, 0% used [0x00000000df080000,0x00000000df080000,0x00000000df380000)
 ParOldGen       total 84992K, used 40K [0x0000000085400000, 0x000000008a700000, 0x00000000d7180000)
  object space 84992K, 0% used [0x0000000085400000,0x000000008540a000,0x000000008a700000)
 Metaspace       used 9887K, capacity 10068K, committed 10240K, reserved 1058816K
  class space    used 1178K, capacity 1244K, committed 1280K, reserved 1048576K
}
Event: 1,800 GC heap before
{Heap before GC invocations=6 (full 0):
 PSYoungGen      total 68608K, used 66224K [0x00000000d7180000, 0x00000000df380000, 0x0000000100000000)
  eden space 63488K, 100% used [0x00000000d7180000,0x00000000daf80000,0x00000000daf80000)
  from space 5120K, 53% used [0x00000000daf80000,0x00000000db22c010,0x00000000db480000)
  to   space 3072K, 0% used [0x00000000df080000,0x00000000df080000,0x00000000df380000)
 ParOldGen       total 84992K, used 40K [0x0000000085400000, 0x000000008a700000, 0x00000000d7180000)
  object space 84992K, 0% used [0x0000000085400000,0x000000008540a000,0x000000008a700000)
 Metaspace       used 12144K, capacity 12340K, committed 12544K, reserved 1060864K
  class space    used 1429K, capacity 1468K, committed 1536K, reserved 1048576K
Event: 1,806 GC heap after
Heap after GC invocations=6 (full 0):
 PSYoungGen      total 129536K, used 3040K [0x00000000d7180000, 0x00000000df480000, 0x0000000100000000)
  eden space 126464K, 0% used [0x00000000d7180000,0x00000000d7180000,0x00000000ded00000)
  from space 3072K, 98% used [0x00000000df080000,0x00000000df378000,0x00000000df380000)
  to   space 3584K, 0% used [0x00000000ded00000,0x00000000ded00000,0x00000000df080000)
 ParOldGen       total 84992K, used 48K [0x0000000085400000, 0x000000008a700000, 0x00000000d7180000)
  object space 84992K, 0% used [0x0000000085400000,0x000000008540c000,0x000000008a700000)
 Metaspace       used 12144K, capacity 12340K, committed 12544K, reserved 1060864K
  class space    used 1429K, capacity 1468K, committed 1536K, reserved 1048576K
}
Event: 2,307 GC heap before
{Heap before GC invocations=7 (full 0):
 PSYoungGen      total 129536K, used 129504K [0x00000000d7180000, 0x00000000df480000, 0x0000000100000000)
  eden space 126464K, 100% used [0x00000000d7180000,0x00000000ded00000,0x00000000ded00000)
  from space 3072K, 98% used [0x00000000df080000,0x00000000df378000,0x00000000df380000)
  to   space 3584K, 0% used [0x00000000ded00000,0x00000000ded00000,0x00000000df080000)
 ParOldGen       total 84992K, used 48K [0x0000000085400000, 0x000000008a700000, 0x00000000d7180000)
  object space 84992K, 0% used [0x0000000085400000,0x000000008540c000,0x000000008a700000)
 Metaspace       used 17105K, capacity 17342K, committed 17536K, reserved 1064960K
  class space    used 2003K, capacity 2067K, committed 2176K, reserved 1048576K
Event: 2,326 GC heap after
Heap after GC invocations=7 (full 0):
 PSYoungGen      total 130048K, used 3312K [0x00000000d7180000, 0x00000000e6f80000, 0x0000000100000000)
  eden space 126464K, 0% used [0x00000000d7180000,0x00000000d7180000,0x00000000ded00000)
  from space 3584K, 92% used [0x00000000ded00000,0x00000000df03c030,0x00000000df080000)
  to   space 3584K, 0% used [0x00000000e6c00000,0x00000000e6c00000,0x00000000e6f80000)
 ParOldGen       total 84992K, used 1701K [0x0000000085400000, 0x000000008a700000, 0x00000000d7180000)
  object space 84992K, 2% used [0x0000000085400000,0x00000000855a9410,0x000000008a700000)
 Metaspace       used 17105K, capacity 17342K, committed 17536K, reserved 1064960K
  class space    used 2003K, capacity 2067K, committed 2176K, reserved 1048576K
}
Event: 2,653 GC heap before
{Heap before GC invocations=8 (full 0):
 PSYoungGen      total 130048K, used 121045K [0x00000000d7180000, 0x00000000e6f80000, 0x0000000100000000)
  eden space 126464K, 93% used [0x00000000d7180000,0x00000000de479780,0x00000000ded00000)
  from space 3584K, 92% used [0x00000000ded00000,0x00000000df03c030,0x00000000df080000)
  to   space 3584K, 0% used [0x00000000e6c00000,0x00000000e6c00000,0x00000000e6f80000)
 ParOldGen       total 84992K, used 1701K [0x0000000085400000, 0x000000008a700000, 0x00000000d7180000)
  object space 84992K, 2% used [0x0000000085400000,0x00000000855a9410,0x000000008a700000)
 Metaspace       used 20786K, capacity 21080K, committed 21296K, reserved 1069056K
  class space    used 2470K, capacity 2568K, committed 2688K, reserved 1048576K
Event: 2,659 GC heap after
Heap after GC invocations=8 (full 0):
 PSYoungGen      total 255488K, used 3568K [0x00000000d7180000, 0x00000000e7180000, 0x0000000100000000)
  eden space 251904K, 0% used [0x00000000d7180000,0x00000000d7180000,0x00000000e6780000)
  from space 3584K, 99% used [0x00000000e6c00000,0x00000000e6f7c010,0x00000000e6f80000)
  to   space 4608K, 0% used [0x00000000e6780000,0x00000000e6780000,0x00000000e6c00000)
 ParOldGen       total 84992K, used 2525K [0x0000000085400000, 0x000000008a700000, 0x00000000d7180000)
  object space 84992K, 2% used [0x0000000085400000,0x0000000085677410,0x000000008a700000)
 Metaspace       used 20786K, capacity 21080K, committed 21296K, reserved 1069056K
  class space    used 2470K, capacity 2568K, committed 2688K, reserved 1048576K
}
Event: 2,659 GC heap before
{Heap before GC invocations=9 (full 1):
 PSYoungGen      total 255488K, used 3568K [0x00000000d7180000, 0x00000000e7180000, 0x0000000100000000)
  eden space 251904K, 0% used [0x00000000d7180000,0x00000000d7180000,0x00000000e6780000)
  from space 3584K, 99% used [0x00000000e6c00000,0x00000000e6f7c010,0x00000000e6f80000)
  to   space 4608K, 0% used [0x00000000e6780000,0x00000000e6780000,0x00000000e6c00000)
 ParOldGen       total 84992K, used 2525K [0x0000000085400000, 0x000000008a700000, 0x00000000d7180000)
  object space 84992K, 2% used [0x0000000085400000,0x0000000085677410,0x000000008a700000)
 Metaspace       used 20786K, capacity 21080K, committed 21296K, reserved 1069056K
  class space    used 2470K, capacity 2568K, committed 2688K, reserved 1048576K
Event: 2,688 GC heap after
Heap after GC invocations=9 (full 1):
 PSYoungGen      total 255488K, used 0K [0x00000000d7180000, 0x00000000e7180000, 0x0000000100000000)
  eden space 251904K, 0% used [0x00000000d7180000,0x00000000d7180000,0x00000000e6780000)
  from space 3584K, 0% used [0x00000000e6c00000,0x00000000e6c00000,0x00000000e6f80000)
  to   space 4608K, 0% used [0x00000000e6780000,0x00000000e6780000,0x00000000e6c00000)
 ParOldGen       total 50176K, used 5938K [0x0000000085400000, 0x0000000088500000, 0x00000000d7180000)
  object space 50176K, 11% used [0x0000000085400000,0x00000000859cc990,0x0000000088500000)
 Metaspace       used 20786K, capacity 21080K, committed 21296K, reserved 1069056K
  class space    used 2470K, capacity 2568K, committed 2688K, reserved 1048576K
}
Event: 3,635 GC heap before
{Heap before GC invocations=10 (full 1):
 PSYoungGen      total 255488K, used 251904K [0x00000000d7180000, 0x00000000e7180000, 0x0000000100000000)
  eden space 251904K, 100% used [0x00000000d7180000,0x00000000e6780000,0x00000000e6780000)
  from space 3584K, 0% used [0x00000000e6c00000,0x00000000e6c00000,0x00000000e6f80000)
  to   space 4608K, 0% used [0x00000000e6780000,0x00000000e6780000,0x00000000e6c00000)
 ParOldGen       total 50176K, used 5938K [0x0000000085400000, 0x0000000088500000, 0x00000000d7180000)
  object space 50176K, 11% used [0x0000000085400000,0x00000000859cc990,0x0000000088500000)
 Metaspace       used 23360K, capacity 23676K, committed 23936K, reserved 1071104K
  class space    used 2808K, capacity 2894K, committed 2944K, reserved 1048576K

